<?xml version="1.0" encoding="UTF-8"?>
<testsuite name="de.tech26.robotfactory.acceptance.RobotServiceTest" tests="1" skipped="0" failures="0" errors="0" timestamp="2021-12-13T17:18:52" hostname="LAPTOP-32SS3OIT" time="0.43">
  <properties/>
  <testcase name="shouldSavetheValue()" classname="de.tech26.robotfactory.acceptance.RobotServiceTest" time="0.43"/>
  <system-out><![CDATA[]]></system-out>
  <system-err><![CDATA[]]></system-err>
</testsuite>
